<?xml version="1.0" encoding="UTF-8"?>
<testsuite xmlns:xsi="http://www.w3.org/2001/XMLSchema-instance" xsi:noNamespaceSchemaLocation="https://maven.apache.org/surefire/maven-surefire-plugin/xsd/surefire-test-report-3.0.xsd" version="3.0" name="com.example.AppTest" time="0.027" tests="3" errors="0" skipped="0" failures="0">
  <properties>
[...]
</properties>
  <testcase name="testGetMessageLength" classname="com.example.AppTest" time="0.002"/>
  <testcase name="testGetMessageNotNull" classname="com.example.AppTest" time="0"/>
  <testcase name="testGetMessage" classname="com.example.AppTest" time="0"/>
</testsuite>